#
# There is insufficient memory for the Java Runtime Environment to continue.
# Native memory allocation (mmap) failed to map 260046848 bytes. Error detail: G1 virtual space
# Possible reasons:
#   The system is out of physical RAM or swap space
#   This process is running with CompressedOops enabled, and the Java Heap may be blocking the growth of the native heap
# Possible solutions:
#   Reduce memory load on the system
#   Increase physical memory or swap space
#   Check if swap backing store is full
#   Decrease Java heap size (-Xmx/-Xms)
#   Decrease number of Java threads
#   Decrease Java thread stack sizes (-Xss)
#   Set larger code cache with -XX:ReservedCodeCacheSize=
#   JVM is running with Zero Based Compressed Oops mode in which the Java heap is
#     placed in the first 32GB address space. The Java Heap base address is the
#     maximum limit for the native heap growth. Please use -XX:HeapBaseMinAddress
#     to set the Java Heap base and to place the Java Heap above 32GB virtual address.
# This output file may be truncated or incomplete.
#
#  Out of Memory Error (os_windows.cpp:3825), pid=22776, tid=28076
#
# JRE version:  (17.0.11) (build )
# Java VM: OpenJDK 64-Bit Server VM (17.0.11+0--11852314, mixed mode, sharing, tiered, compressed oops, compressed class ptrs, g1 gc, windows-amd64)
# No core dump will be written. Minidumps are not enabled by default on client versions of Windows
#

---------------  S U M M A R Y ------------

Command Line: -Dorg.gradle.appname=gradlew org.gradle.wrapper.GradleWrapperMain -q -Ptarget-platform=android-arm64 -Ptarget=D:\KULIAH\Semester 5\Pemrograman Piranti Bergerak\UAS\sofa_score\lib\main.dart -Pbase-application-name=android.app.Application -Pdart-obfuscation=false -Ptrack-widget-creation=true -Ptree-shake-icons=false -Pfilesystem-scheme=org-dartlang-root assembleDebug

Host: AMD Ryzen 7 5800HS with Radeon Graphics        , 16 cores, 15G,  Windows 11 , 64 bit Build 22621 (10.0.22621.3958)
Time: Sun Oct 20 16:11:30 2024 China Standard Time elapsed time: 0.017582 seconds (0d 0h 0m 0s)

---------------  T H R E A D  ---------------

Current thread (0x000002100b3a4220):  JavaThread "Unknown thread" [_thread_in_vm, id=28076, stack(0x0000006f3d500000,0x0000006f3d600000)]

Stack: [0x0000006f3d500000,0x0000006f3d600000]
Native frames: (J=compiled Java code, j=interpreted, Vv=VM code, C=native code)
V  [jvm.dll+0x687bb9]
V  [jvm.dll+0x84142a]
V  [jvm.dll+0x8430ae]
V  [jvm.dll+0x843713]
V  [jvm.dll+0x24a35f]
V  [jvm.dll+0x684989]
V  [jvm.dll+0x67923a]
V  [jvm.dll+0x30af0b]
V  [jvm.dll+0x3123b6]
V  [jvm.dll+0x361dfe]
V  [jvm.dll+0x36202f]
V  [jvm.dll+0x2e0d38]
V  [jvm.dll+0x2e1ca4]
V  [jvm.dll+0x811f21]
V  [jvm.dll+0x36fb68]
V  [jvm.dll+0x7f0896]
V  [jvm.dll+0x3f3d2f]
V  [jvm.dll+0x3f58e1]
C  [jli.dll+0x528f]
C  [ucrtbase.dll+0x29333]
C  [KERNEL32.DLL+0x1257d]
C  [ntdll.dll+0x5af08]


---------------  P R O C E S S  ---------------

Threads class SMR info:
_java_thread_list=0x00007ffc4474efd8, length=0, elements={
}

Java Threads: ( => current thread )

Other Threads:
  0x000002100b40c170 GCTaskThread "GC Thread#0" [stack: 0x0000006f3d600000,0x0000006f3d700000] [id=31780]
  0x000002100b41c640 ConcurrentGCThread "G1 Main Marker" [stack: 0x0000006f3d700000,0x0000006f3d800000] [id=32976]
  0x000002100b41d700 ConcurrentGCThread "G1 Conc#0" [stack: 0x0000006f3d800000,0x0000006f3d900000] [id=30864]

[error occurred during error reporting (printing all threads), id 0xc0000005, EXCEPTION_ACCESS_VIOLATION (0xc0000005) at pc=0x00007ffc43f01907]

VM state: not at safepoint (not fully initialized)

VM Mutex/Monitor currently owned by a thread:  ([mutex/lock_event])
[0x000002100b3a0a40] Heap_lock - owner thread: 0x000002100b3a4220

Heap address: 0x0000000709800000, size: 3944 MB, Compressed Oops mode: Zero based, Oop shift amount: 3

CDS archive(s) mapped at: [0x0000000000000000-0x0000000000000000-0x0000000000000000), size 0, SharedBaseAddress: 0x0000000800000000, ArchiveRelocationMode: 1.
Narrow klass base: 0x0000000000000000, Narrow klass shift: 0, Narrow klass range: 0x0

GC Precious Log:
<Empty>

Heap:
 garbage-first heap   total 0K, used 0K [0x0000000709800000, 0x0000000800000000)
  region size 2048K, 0 young (0K), 0 survivors (0K)
 Metaspace       used 0K, committed 0K, reserved 0K
  class space    used 0K, committed 0K, reserved 0K

Heap Regions: E=young(eden), S=young(survivor), O=old, HS=humongous(starts), HC=humongous(continues), CS=collection set, F=free, OA=open archive, CA=closed archive, TAMS=top-at-mark-start (previous, next)

Card table byte_map: [0x000002101e8b0000,0x000002101f070000] _byte_map_base: 0x000002101b064000

Marking Bits (Prev, Next): (CMBitMap*) 0x000002100b40c690, (CMBitMap*) 0x000002100b40c6d0
 Prev Bits: [0x000002101f830000, 0x00000210235d0000)
 Next Bits: [0x00000210235d0000, 0x0000021027370000)

GC Heap History (0 events):
No events

Dll operation events (1 events):
Event: 0.010 Loaded shared library C:\Program Files\Android\Android Studio\jbr\bin\java.dll

Deoptimization events (0 events):
No events

Classes unloaded (0 events):
No events

Classes redefined (0 events):
No events

Internal exceptions (0 events):
No events

VM Operations (0 events):
No events

Events (0 events):
No events


Dynamic libraries:
0x00007ff6f8f70000 - 0x00007ff6f8f7a000 	C:\Program Files\Android\Android Studio\jbr\bin\java.exe
0x00007ffcb6a90000 - 0x00007ffcb6ca7000 	C:\Windows\SYSTEM32\ntdll.dll
0x00007ffcb5b00000 - 0x00007ffcb5bc4000 	C:\Windows\System32\KERNEL32.DLL
0x00007ffcb4400000 - 0x00007ffcb47b7000 	C:\Windows\System32\KERNELBASE.dll
0x00007ffcb41c0000 - 0x00007ffcb42d1000 	C:\Windows\System32\ucrtbase.dll
0x00007ffc95040000 - 0x00007ffc9505b000 	C:\Program Files\Android\Android Studio\jbr\bin\VCRUNTIME140.dll
0x00007ffc951f0000 - 0x00007ffc95207000 	C:\Program Files\Android\Android Studio\jbr\bin\jli.dll
0x00007ffcb6580000 - 0x00007ffcb672f000 	C:\Windows\System32\USER32.dll
0x00007ffca23f0000 - 0x00007ffca2683000 	C:\Windows\WinSxS\amd64_microsoft.windows.common-controls_6595b64144ccf1df_6.0.22621.3672_none_2713b9d173822955\COMCTL32.dll
0x00007ffcb4190000 - 0x00007ffcb41b6000 	C:\Windows\System32\win32u.dll
0x00007ffcb5cd0000 - 0x00007ffcb5d77000 	C:\Windows\System32\msvcrt.dll
0x00007ffcb4810000 - 0x00007ffcb4839000 	C:\Windows\System32\GDI32.dll
0x00007ffcb3da0000 - 0x00007ffcb3eb8000 	C:\Windows\System32\gdi32full.dll
0x00007ffcb4360000 - 0x00007ffcb43fa000 	C:\Windows\System32\msvcp_win.dll
0x00007ffcb6540000 - 0x00007ffcb6571000 	C:\Windows\System32\IMM32.DLL
0x00007ffc95230000 - 0x00007ffc9523c000 	C:\Program Files\Android\Android Studio\jbr\bin\vcruntime140_1.dll
0x00007ffc8cd30000 - 0x00007ffc8cdbd000 	C:\Program Files\Android\Android Studio\jbr\bin\msvcp140.dll
0x00007ffc43c10000 - 0x00007ffc44893000 	C:\Program Files\Android\Android Studio\jbr\bin\server\jvm.dll
0x00007ffcb62d0000 - 0x00007ffcb6382000 	C:\Windows\System32\ADVAPI32.dll
0x00007ffcb68e0000 - 0x00007ffcb6988000 	C:\Windows\System32\sechost.dll
0x00007ffcb3ec0000 - 0x00007ffcb3ee8000 	C:\Windows\System32\bcrypt.dll
0x00007ffcb4aa0000 - 0x00007ffcb4bb4000 	C:\Windows\System32\RPCRT4.dll
0x00007ffc980b0000 - 0x00007ffc980b9000 	C:\Windows\SYSTEM32\WSOCK32.dll
0x00007ffcae020000 - 0x00007ffcae054000 	C:\Windows\SYSTEM32\WINMM.dll
0x00007ffcb3c70000 - 0x00007ffcb3cbd000 	C:\Windows\SYSTEM32\POWRPROF.dll
0x00007ffcaa620000 - 0x00007ffcaa62a000 	C:\Windows\SYSTEM32\VERSION.dll
0x00007ffcb5c50000 - 0x00007ffcb5cc1000 	C:\Windows\System32\WS2_32.dll
0x00007ffcb3c50000 - 0x00007ffcb3c63000 	C:\Windows\SYSTEM32\UMPDC.dll
0x00007ffcb2dc0000 - 0x00007ffcb2dd8000 	C:\Windows\SYSTEM32\kernel.appcore.dll
0x00007ffc95030000 - 0x00007ffc9503a000 	C:\Program Files\Android\Android Studio\jbr\bin\jimage.dll
0x00007ffcb10b0000 - 0x00007ffcb12e2000 	C:\Windows\SYSTEM32\DBGHELP.DLL
0x00007ffcb5d80000 - 0x00007ffcb610e000 	C:\Windows\System32\combase.dll
0x00007ffcb48b0000 - 0x00007ffcb4987000 	C:\Windows\System32\OLEAUT32.dll
0x00007ffc91d10000 - 0x00007ffc91d42000 	C:\Windows\SYSTEM32\dbgcore.DLL
0x00007ffcb42e0000 - 0x00007ffcb435b000 	C:\Windows\System32\bcryptPrimitives.dll
0x00007ffc8cd00000 - 0x00007ffc8cd25000 	C:\Program Files\Android\Android Studio\jbr\bin\java.dll

dbghelp: loaded successfully - version: 4.0.5 - missing functions: none
symbol engine: initialized successfully - sym options: 0x614 - pdb path: .;C:\Program Files\Android\Android Studio\jbr\bin;C:\Windows\SYSTEM32;C:\Windows\WinSxS\amd64_microsoft.windows.common-controls_6595b64144ccf1df_6.0.22621.3672_none_2713b9d173822955;C:\Program Files\Android\Android Studio\jbr\bin\server

VM Arguments:
jvm_args: -Dorg.gradle.appname=gradlew 
java_command: org.gradle.wrapper.GradleWrapperMain -q -Ptarget-platform=android-arm64 -Ptarget=D:\KULIAH\Semester 5\Pemrograman Piranti Bergerak\UAS\sofa_score\lib\main.dart -Pbase-application-name=android.app.Application -Pdart-obfuscation=false -Ptrack-widget-creation=true -Ptree-shake-icons=false -Pfilesystem-scheme=org-dartlang-root assembleDebug
java_class_path (initial): D:\KULIAH\Semester 5\Pemrograman Piranti Bergerak\UAS\sofa_score\android\\gradle\wrapper\gradle-wrapper.jar
Launcher Type: SUN_STANDARD

[Global flags]
     intx CICompilerCount                          = 12                                        {product} {ergonomic}
     uint ConcGCThreads                            = 3                                         {product} {ergonomic}
     uint G1ConcRefinementThreads                  = 13                                        {product} {ergonomic}
   size_t G1HeapRegionSize                         = 2097152                                   {product} {ergonomic}
    uintx GCDrainStackTargetSize                   = 64                                        {product} {ergonomic}
   size_t InitialHeapSize                          = 260046848                                 {product} {ergonomic}
   size_t MarkStackSize                            = 4194304                                   {product} {ergonomic}
   size_t MaxHeapSize                              = 4135583744                                {product} {ergonomic}
   size_t MinHeapDeltaBytes                        = 2097152                                   {product} {ergonomic}
   size_t MinHeapSize                              = 8388608                                   {product} {ergonomic}
    uintx NonNMethodCodeHeapSize                   = 7602480                                {pd product} {ergonomic}
    uintx NonProfiledCodeHeapSize                  = 122027880                              {pd product} {ergonomic}
    uintx ProfiledCodeHeapSize                     = 122027880                              {pd product} {ergonomic}
    uintx ReservedCodeCacheSize                    = 251658240                              {pd product} {ergonomic}
     bool SegmentedCodeCache                       = true                                      {product} {ergonomic}
   size_t SoftMaxHeapSize                          = 4135583744                             {manageable} {ergonomic}
     bool UseCompressedClassPointers               = true                           {product lp64_product} {ergonomic}
     bool UseCompressedOops                        = true                           {product lp64_product} {ergonomic}
     bool UseG1GC                                  = true                                      {product} {ergonomic}
     bool UseLargePagesIndividualAllocation        = false                                  {pd product} {ergonomic}

Logging:
Log output configuration:
 #0: stdout all=warning uptime,level,tags
 #1: stderr all=off uptime,level,tags

Environment Variables:
JAVA_HOME=C:\Program Files\Android\Android Studio\jbr
CLASSPATH=D:\KULIAH\Semester 5\Pemrograman Piranti Bergerak\UAS\sofa_score\android\\gradle\wrapper\gradle-wrapper.jar
PATH=C:\Program Files\Android\Android Studio\jbr\bin;D:\jdk\jdk-22.0.1\bin;D:\Java\bin;C:\Program Files\Common Files\Oracle\Java\javapath;C:\Windows\system32;C:\Windows;C:\Windows\System32\Wbem;C:\Windows\System32\WindowsPowerShell\v1.0\;C:\Windows\System32\OpenSSH\;C:\Program Files (x86)\Microsoft ASP.NET\ASP.NET Web Pages\v1.0\;C:\Program Files\Microsoft SQL Server\110\Tools\Binn\;C:\Program Files\Microsoft\Web Platform Installer\;D:\openjfx-22.0.1_windows-x64_bin-sdk\javafx-sdk-22.0.1\bin;C:\ngrok;C:\Program Files\dotnet\;C:\Program Files\Git\cmd;C:\src\flutter_windows_3.24.3-stable\flutter\bin;D:\jdk\jdk-22.0.1\bin;C:\Users\leomuch\AppData\Local\Programs\Python\Python310\Scripts\;C:\Users\leomuch\AppData\Local\Programs\Python\Python310\;D:\Java\bin;C:\Program Files\Common Files\Oracle\Java\javapath;C:\Windows\system32;C:\Windows;C:\Windows\System32\Wbem;C:\Windows\System32\WindowsPowerShell\v1.0\;C:\Windows\System32\OpenSSH\;C:\Program Files (x86)\Microsoft ASP.NET\ASP.NET Web Pages\v1.0\;C:\Program Files (x86)\Windows Kits\8.0\Windows Performance Toolkit\;C:\Program Files\Microsoft SQL Server\110\Tools\Binn\;C:\Program Files\Microsoft\Web Platform Installer\;C:\ngrok;C:\Program Files\Cloudflare\Cloudflare WARP\;C:\Program Files\Git\cmd;C:\Users\leomuch\AppData\Local\Microsoft\WindowsApps;D:\Microsoft VS Code\bin;D:\apache-maven-3.9.7\bin;D:\Desktop\platform-tools-latest-windows\platform-tools;D:\Desktop\scrcpy-win64-v2.6.1\scrcpy-win64-v2.6.1;C:\src\flutter_windows_3.24.3-stable\flutter\bin;;C:\src\flutter_windows_3.24.3-stable\flutter\bin\mingit\cmd;C:\src\flutter_windows_3.24.3-stable\flutter\bin\mingit\cmd
USERNAME=leomuch
OS=Windows_NT
PROCESSOR_IDENTIFIER=AMD64 Family 25 Model 80 Stepping 0, AuthenticAMD
TMP=C:\Users\leomuch\AppData\Local\Temp
TEMP=C:\Users\leomuch\AppData\Local\Temp



Periodic native trim disabled

JNI global refs:
JNI global refs: 0, weak refs: 0

JNI global refs memory usage: 0, weak refs: 0

Process memory usage:
Resident Set Size: 11808K (0% of 16151744K total physical memory with 1111644K free physical memory)

OOME stack traces (most recent first):
Classloader memory used:


---------------  S Y S T E M  ---------------

OS:
 Windows 11 , 64 bit Build 22621 (10.0.22621.3958)
OS uptime: 1 days 1:08 hours
Hyper-V role detected

CPU: total 16 (initial active 16) (16 cores per cpu, 2 threads per core) family 25 model 80 stepping 0 microcode 0x0, cx8, cmov, fxsr, ht, mmx, 3dnowpref, sse, sse2, sse3, ssse3, sse4a, sse4.1, sse4.2, popcnt, lzcnt, tsc, tscinvbit, avx, avx2, aes, erms, clmul, bmi1, bmi2, adx, sha, fma, vzeroupper, clflush, clflushopt, hv
Processor Information for all 16 processors :
  Max Mhz: 3201, Current Mhz: 3201, Mhz Limit: 3201

Memory: 4k page, system-wide physical 15773M (1085M free)
TotalPageFile size 26719M (AvailPageFile size 242M)
current process WorkingSet (physical memory assigned to process): 11M, peak: 11M
current process commit charge ("private bytes"): 70M, peak: 318M

vm_info: OpenJDK 64-Bit Server VM (17.0.11+0--11852314) for windows-amd64 JRE (17.0.11+0--11852314), built on May 16 2024 21:29:20 by "androidbuild" with MS VC++ 16.10 / 16.11 (VS2019)

END.
